<?xml version="1.0" encoding="UTF-8"?>
<!-- Generated by org.testng.reporters.JUnitReportReporter -->
<testsuite skipped="0" hostname="CBT-036" name="com.gmail.testscripts.TC_1" tests="1" failures="0" timestamp="27 Jul 2018 13:22:45 GMT" time="51.905" errors="0">
  <testcase name="logInGmail" time="51.905" classname="com.gmail.testscripts.TC_1"/>
</testsuite> <!-- com.gmail.testscripts.TC_1 -->
